Started GET "/" for 127.0.0.1 at 2018-02-27 14:55:57 +0100
Processing by Rails::WelcomeController#index as HTML
  Rendering /home/adrien/.rvm/gems/ruby-2.3.4/gems/railties-5.1.5/lib/rails/templates/rails/welcome/index.html.erb
  Rendered /home/adrien/.rvm/gems/ruby-2.3.4/gems/railties-5.1.5/lib/rails/templates/rails/welcome/index.html.erb (19.3ms)
Completed 200 OK in 395ms (Views: 55.0ms)


Started GET "/" for 127.0.0.1 at 2018-02-27 14:56:17 +0100
Processing by HomeController#index as HTML
  Rendering home/index.html.erb within layouts/application
  Rendered home/index.html.erb within layouts/application (0.3ms)
Completed 200 OK in 2366ms (Views: 2358.2ms)


Started GET "/" for 127.0.0.1 at 2018-02-27 15:22:17 +0100
Processing by HomeController#index as HTML
  Rendering home/index.html.erb within layouts/application
  Rendered home/index.html.erb within layouts/application (420.6ms)
Completed 200 OK in 705ms (Views: 470.1ms)


Started GET "/" for 127.0.0.1 at 2018-02-27 15:26:38 +0100
Processing by HomeController#index as HTML
  Rendering home/index.html.erb within layouts/application
  Rendered home/index.html.erb within layouts/application (2.7ms)
Completed 200 OK in 56ms (Views: 54.4ms)


Started GET "/" for 127.0.0.1 at 2018-02-27 15:38:21 +0100
Processing by HomeController#index as HTML
  Rendering home/index.html.erb within layouts/application
  Rendered home/index.html.erb within layouts/application (3.7ms)
Completed 200 OK in 54ms (Views: 52.5ms)


Started GET "/" for 127.0.0.1 at 2018-02-27 15:46:44 +0100
Processing by HomeController#index as HTML
  Rendering home/index.html.erb within layouts/application
  Rendered home/index.html.erb within layouts/application (2.6ms)
Completed 200 OK in 93ms (Views: 89.9ms)


Started GET "/" for 127.0.0.1 at 2018-02-27 15:48:11 +0100
Processing by HomeController#index as HTML
  Rendering home/index.html.erb within layouts/application
  Rendered home/index.html.erb within layouts/application (7.6ms)
Completed 200 OK in 74ms (Views: 72.2ms)


Started GET "/" for 127.0.0.1 at 2018-02-27 15:48:13 +0100
Processing by HomeController#index as HTML
  Rendering home/index.html.erb within layouts/application
  Rendered home/index.html.erb within layouts/application (1.8ms)
Completed 200 OK in 31ms (Views: 28.4ms)


Started GET "/" for 127.0.0.1 at 2018-02-27 15:48:15 +0100
Processing by HomeController#index as HTML
  Rendering home/index.html.erb within layouts/application
  Rendered home/index.html.erb within layouts/application (2.3ms)
Completed 200 OK in 45ms (Views: 43.0ms)


Started GET "/" for 127.0.0.1 at 2018-02-27 15:48:24 +0100
Processing by HomeController#index as HTML
  Rendering home/index.html.erb within layouts/application
  Rendered home/index.html.erb within layouts/application (386.9ms)
Completed 200 OK in 699ms (Views: 435.9ms)


Started GET "/" for 127.0.0.1 at 2018-02-27 15:51:36 +0100
Processing by HomeController#index as HTML
  Rendering home/index.html.erb within layouts/application
  Rendered home/index.html.erb within layouts/application (0.3ms)
Completed 200 OK in 24ms (Views: 22.3ms)


  
ActionController::RoutingError (No route matches [GET] "/assets/image/slide1.jpg"):
  
actionpack (5.1.5) lib/action_dispatch/middleware/debug_exceptions.rb:63:in `call'
web-console (3.5.1) lib/web_console/middleware.rb:135:in `call_app'
web-console (3.5.1) lib/web_console/middleware.rb:28:in `block in call'
web-console (3.5.1) lib/web_console/middleware.rb:18:in `catch'
web-console (3.5.1) lib/web_console/middleware.rb:18:in `call'
actionpack (5.1.5) lib/action_dispatch/middleware/show_exceptions.rb:31:in `call'
railties (5.1.5) lib/rails/rack/logger.rb:36:in `call_app'
railties (5.1.5) lib/rails/rack/logger.rb:24:in `block in call'
activesupport (5.1.5) lib/active_support/tagged_logging.rb:69:in `block in tagged'
activesupport (5.1.5) lib/active_support/tagged_logging.rb:26:in `tagged'
activesupport (5.1.5) lib/active_support/tagged_logging.rb:69:in `tagged'
railties (5.1.5) lib/rails/rack/logger.rb:24:in `call'
sprockets-rails (3.2.1) lib/sprockets/rails/quiet_assets.rb:11:in `block in call'
activesupport (5.1.5) lib/active_support/logger_silence.rb:20:in `silence'
activesupport (5.1.5) lib/active_support/logger.rb:63:in `block (3 levels) in broadcast'
activesupport (5.1.5) lib/active_support/logger_silence.rb:20:in `silence'
activesupport (5.1.5) lib/active_support/logger.rb:61:in `block (2 levels) in broadcast'
sprockets-rails (3.2.1) lib/sprockets/rails/quiet_assets.rb:11:in `call'
actionpack (5.1.5) lib/action_dispatch/middleware/remote_ip.rb:79:in `call'
actionpack (5.1.5) lib/action_dispatch/middleware/request_id.rb:25:in `call'
rack (2.0.4) lib/rack/method_override.rb:22:in `call'
rack (2.0.4) lib/rack/runtime.rb:22:in `call'
activesupport (5.1.5) lib/active_support/cache/strategy/local_cache_middleware.rb:27:in `call'
actionpack (5.1.5) lib/action_dispatch/middleware/executor.rb:12:in `call'
actionpack (5.1.5) lib/action_dispatch/middleware/static.rb:125:in `call'
rack (2.0.4) lib/rack/sendfile.rb:111:in `call'
railties (5.1.5) lib/rails/engine.rb:522:in `call'
puma (3.11.2) lib/puma/configuration.rb:225:in `call'
puma (3.11.2) lib/puma/server.rb:624:in `handle_request'
puma (3.11.2) lib/puma/server.rb:438:in `process_client'
puma (3.11.2) lib/puma/server.rb:302:in `block in run'
puma (3.11.2) lib/puma/thread_pool.rb:120:in `block in spawn_thread'
Started GET "/" for 127.0.0.1 at 2018-02-27 15:51:46 +0100
Processing by HomeController#index as HTML
  Rendering home/index.html.erb within layouts/application
  Rendered home/index.html.erb within layouts/application (0.6ms)
Completed 200 OK in 46ms (Views: 43.9ms)


  
ActionController::RoutingError (No route matches [GET] "/assets/images/slide1.jpg"):
  
actionpack (5.1.5) lib/action_dispatch/middleware/debug_exceptions.rb:63:in `call'
web-console (3.5.1) lib/web_console/middleware.rb:135:in `call_app'
web-console (3.5.1) lib/web_console/middleware.rb:28:in `block in call'
web-console (3.5.1) lib/web_console/middleware.rb:18:in `catch'
web-console (3.5.1) lib/web_console/middleware.rb:18:in `call'
actionpack (5.1.5) lib/action_dispatch/middleware/show_exceptions.rb:31:in `call'
railties (5.1.5) lib/rails/rack/logger.rb:36:in `call_app'
railties (5.1.5) lib/rails/rack/logger.rb:24:in `block in call'
activesupport (5.1.5) lib/active_support/tagged_logging.rb:69:in `block in tagged'
activesupport (5.1.5) lib/active_support/tagged_logging.rb:26:in `tagged'
activesupport (5.1.5) lib/active_support/tagged_logging.rb:69:in `tagged'
railties (5.1.5) lib/rails/rack/logger.rb:24:in `call'
sprockets-rails (3.2.1) lib/sprockets/rails/quiet_assets.rb:11:in `block in call'
activesupport (5.1.5) lib/active_support/logger_silence.rb:20:in `silence'
activesupport (5.1.5) lib/active_support/logger.rb:63:in `block (3 levels) in broadcast'
activesupport (5.1.5) lib/active_support/logger_silence.rb:20:in `silence'
activesupport (5.1.5) lib/active_support/logger.rb:61:in `block (2 levels) in broadcast'
sprockets-rails (3.2.1) lib/sprockets/rails/quiet_assets.rb:11:in `call'
actionpack (5.1.5) lib/action_dispatch/middleware/remote_ip.rb:79:in `call'
actionpack (5.1.5) lib/action_dispatch/middleware/request_id.rb:25:in `call'
rack (2.0.4) lib/rack/method_override.rb:22:in `call'
rack (2.0.4) lib/rack/runtime.rb:22:in `call'
activesupport (5.1.5) lib/active_support/cache/strategy/local_cache_middleware.rb:27:in `call'
actionpack (5.1.5) lib/action_dispatch/middleware/executor.rb:12:in `call'
actionpack (5.1.5) lib/action_dispatch/middleware/static.rb:125:in `call'
rack (2.0.4) lib/rack/sendfile.rb:111:in `call'
railties (5.1.5) lib/rails/engine.rb:522:in `call'
puma (3.11.2) lib/puma/configuration.rb:225:in `call'
puma (3.11.2) lib/puma/server.rb:624:in `handle_request'
puma (3.11.2) lib/puma/server.rb:438:in `process_client'
puma (3.11.2) lib/puma/server.rb:302:in `block in run'
puma (3.11.2) lib/puma/thread_pool.rb:120:in `block in spawn_thread'
Started GET "/" for 127.0.0.1 at 2018-02-27 15:58:02 +0100
Processing by HomeController#index as HTML
  Rendering home/index.html.erb within layouts/application
  Rendered home/index.html.erb within layouts/application (1.0ms)
Completed 200 OK in 41ms (Views: 39.7ms)


Started GET "/" for 127.0.0.1 at 2018-02-27 15:58:13 +0100
Processing by HomeController#index as HTML
  Rendering home/index.html.erb within layouts/application
  Rendered home/index.html.erb within layouts/application (0.3ms)
Completed 200 OK in 65ms (Views: 63.7ms)


Started GET "/" for 127.0.0.1 at 2018-02-27 16:06:03 +0100
Processing by HomeController#index as HTML
  Rendering home/index.html.erb within layouts/application
  Rendered home/index.html.erb within layouts/application (0.7ms)
Completed 500 Internal Server Error in 5ms


  
SyntaxError (/home/adrien/thp2/AnimationsJQuery/app/views/home/index.html.erb:5: syntax error, unexpected ')'
...ag "slide1.jpg", width: 100%  );@output_buffer.safe_append='
...                               ^
/home/adrien/thp2/AnimationsJQuery/app/views/home/index.html.erb:15: syntax error, unexpected keyword_ensure, expecting ')'
/home/adrien/thp2/AnimationsJQuery/app/views/home/index.html.erb:17: syntax error, unexpected keyword_end, expecting ')'):
  
app/views/home/index.html.erb:5: syntax error, unexpected ')'
app/views/home/index.html.erb:15: syntax error, unexpected keyword_ensure, expecting ')'
app/views/home/index.html.erb:17: syntax error, unexpected keyword_end, expecting ')'
Started GET "/" for 127.0.0.1 at 2018-02-27 16:07:37 +0100
Processing by HomeController#index as HTML
  Rendering home/index.html.erb within layouts/application
  Rendered home/index.html.erb within layouts/application (2.4ms)
Completed 200 OK in 77ms (Views: 69.5ms)


Started GET "/" for 127.0.0.1 at 2018-02-27 16:08:13 +0100
Processing by HomeController#index as HTML
  Rendering home/index.html.erb within layouts/application
  Rendered home/index.html.erb within layouts/application (2.9ms)
Completed 200 OK in 64ms (Views: 61.6ms)


Started GET "/" for 127.0.0.1 at 2018-02-27 16:14:58 +0100
Processing by HomeController#index as HTML
  Rendering home/index.html.erb within layouts/application
  Rendered home/index.html.erb within layouts/application (6.3ms)
Completed 200 OK in 56ms (Views: 53.8ms)


Started GET "/" for 127.0.0.1 at 2018-02-27 16:14:59 +0100
Processing by HomeController#index as HTML
  Rendering home/index.html.erb within layouts/application
  Rendered home/index.html.erb within layouts/application (2.9ms)
Completed 200 OK in 39ms (Views: 37.8ms)


Started GET "/" for 127.0.0.1 at 2018-02-27 16:15:58 +0100
Processing by HomeController#index as HTML
  Rendering home/index.html.erb within layouts/application
  Rendered home/index.html.erb within layouts/application (4.6ms)
Completed 200 OK in 120ms (Views: 118.1ms)


Started GET "/" for 127.0.0.1 at 2018-02-27 16:16:08 +0100
Processing by HomeController#index as HTML
  Rendering home/index.html.erb within layouts/application
  Rendered home/index.html.erb within layouts/application (4.6ms)
Completed 200 OK in 93ms (Views: 91.2ms)


Started GET "/" for 127.0.0.1 at 2018-02-27 16:16:10 +0100
Processing by HomeController#index as HTML
  Rendering home/index.html.erb within layouts/application
  Rendered home/index.html.erb within layouts/application (7.5ms)
Completed 200 OK in 62ms (Views: 60.0ms)


Started GET "/" for 127.0.0.1 at 2018-02-27 16:16:21 +0100
Processing by HomeController#index as HTML
  Rendering home/index.html.erb within layouts/application
  Rendered home/index.html.erb within layouts/application (2.1ms)
Completed 200 OK in 29ms (Views: 28.1ms)


Started GET "/" for 127.0.0.1 at 2018-02-27 16:16:29 +0100
Processing by HomeController#index as HTML
  Rendering home/index.html.erb within layouts/application
  Rendered home/index.html.erb within layouts/application (1.9ms)
Completed 200 OK in 90ms (Views: 88.3ms)


Started GET "/" for 127.0.0.1 at 2018-02-27 16:16:57 +0100
Processing by HomeController#index as HTML
  Rendering home/index.html.erb within layouts/application
  Rendered home/index.html.erb within layouts/application (1.9ms)
Completed 200 OK in 24ms (Views: 22.7ms)


Started GET "/" for 127.0.0.1 at 2018-02-27 16:16:58 +0100
Processing by HomeController#index as HTML
  Rendering home/index.html.erb within layouts/application
  Rendered home/index.html.erb within layouts/application (6.1ms)
Completed 200 OK in 53ms (Views: 50.4ms)


Started GET "/" for 127.0.0.1 at 2018-02-27 16:20:07 +0100
Processing by HomeController#index as HTML
  Rendering home/index.html.erb within layouts/application
  Rendered home/index.html.erb within layouts/application (4.4ms)
Completed 200 OK in 98ms (Views: 96.6ms)


Started GET "/" for 127.0.0.1 at 2018-02-27 16:23:13 +0100
Processing by HomeController#index as HTML
  Rendering home/index.html.erb within layouts/application
  Rendered home/index.html.erb within layouts/application (4.6ms)
Completed 200 OK in 89ms (Views: 86.8ms)


Started GET "/" for 127.0.0.1 at 2018-02-27 16:23:35 +0100
Processing by HomeController#index as HTML
  Rendering home/index.html.erb within layouts/application
  Rendered home/index.html.erb within layouts/application (2.1ms)
Completed 200 OK in 84ms (Views: 71.1ms)


